
********************************************************************************
DATABASE:
********************************************************************************
BUILD MODE:   PHP (query limit - 100)
MYSQLDUMP:    Not Supported
MYSQLTIMEOUT: 5000 
TABLES: total:47 | filtered:0 | create:47 
FILTERED: [] 
SQL CREATED: 20161027_mcgregorfund_59de2f7f69a0d_20171011144935_database.sql 
SQL FILE SIZE: 25.98MB 
SQL FILE TIME: 2017-10-11 15:28:24 
SQL RUNTIME: 1.57 sec. 
MEMORY STACK: 63.75MB 


====================================================================
!RUNTIME ERROR!
---------------------------------------------------------------------
MESSAGE:
ERROR: Can't find Scanfile /Users/Matt/Documents/Websites/www.mcgregorfund.dev/wp-content/backups-dup-pro/tmp/20161027_mcgregorfund_59de2f7f69a0d_20171011144935_scan.json. Please ensure there no non-English characters in the package or schedule name.
---------------------------------------------------------------------
TRACE:
1. class.package.archive.zip.php : Error (68)
2. class.package.archive.php : Create (160)
3. class.package.php : Build (1289)
4. class.package.runner.php : build (436)
5. class.web.services.php : process (126)
6.  : process_worker ()
7. class-wp-hook.php : call_user_func_array (298)
8. class-wp-hook.php : apply_filters (323)
9. plugin.php : do_action (453)
10. admin-ajax.php : do_action (101)
====================================================================


******************************************************************************** 
STORAGE: 
******************************************************************************** 
LOCAL: Default, /Users/Matt/Documents/Websites/www.mcgregorfund.dev/wp-content/backups-dup-pro 

******************************************************************************** 
INTEGRITY CHECKS: 
******************************************************************************** 
SQL FILE: 25.98MB 


====================================================================
!RUNTIME ERROR!
---------------------------------------------------------------------
MESSAGE:
ERROR: Installer file not complete.  The end of file marker was not found.  Please try to re-create the package.
---------------------------------------------------------------------
TRACE:
1. class.package.php : Error (1412)
2. class.package.php : build_integrity_check (1323)
3. class.package.runner.php : build (436)
4. class.web.services.php : process (126)
5.  : process_worker ()
6. class-wp-hook.php : call_user_func_array (298)
7. class-wp-hook.php : apply_filters (323)
8. plugin.php : do_action (453)
9. admin-ajax.php : do_action (101)
====================================================================


********************************************************************************
RECORD ID:[224]
TOTAL PROCESS RUNTIME: 2307.77 sec.
PEAK PHP MEMORY USED: 61MB
DONE PROCESSING => 20161027_mcgregorfund 2017-10-11 15:28:25
 


====================================================================
!RUNTIME ERROR!
---------------------------------------------------------------------
MESSAGE:
Package creation failed.
---------------------------------------------------------------------
TRACE:
1. class.package.php : Error (1353)
2. class.package.runner.php : build (436)
3. class.web.services.php : process (126)
4.  : process_worker ()
5. class-wp-hook.php : call_user_func_array (298)
6. class-wp-hook.php : apply_filters (323)
7. plugin.php : do_action (453)
8. admin-ajax.php : do_action (101)
====================================================================

