[11 Oct 20:26:12] DUP_PRO | fd8c453c | DUP_PRO_Package_Runner::init() | File lock acquired 
[11 Oct 20:26:12] DUP_PRO | fd8c453c | DUP_PRO_Package_Runner::init() | File lock released 
[11 Oct 20:26:16] DUP_PRO | f961507b | DUP_PRO_Package_Runner::init() | File lock acquired 
[11 Oct 20:26:16] DUP_PRO | f961507b | DUP_PRO_Package_Runner::init() | File lock released 
[11 Oct 20:29:47] DUP_PRO | 95867038 | DUP_PRO_Package_Runner::init() | File lock acquired 
[11 Oct 20:29:47] DUP_PRO | 95867038 | DUP_PRO_Package_Runner::init() | File lock released 
[11 Oct 20:33:09] DUP_PRO | 9cd1e85e | DUP_PRO_Package_Runner::init() | File lock acquired 
[11 Oct 20:33:09] DUP_PRO | 9cd1e85e | DUP_PRO_Package_Runner::init() | File lock released 
[11 Oct 20:34:09] DUP_PRO | 998a8900 | DUP_PRO_Package_Runner::init() | File lock acquired 
[11 Oct 20:34:09] DUP_PRO | 998a8900 | DUP_PRO_Package_Runner::init() | File lock released 
[11 Oct 20:37:16] DUP_PRO | 2c7094f6 | DUP_PRO_Package_Runner::init() | File lock acquired 
[11 Oct 20:37:16] DUP_PRO | 2c7094f6 | DUP_PRO_Package_Runner::init() | File lock released 
[11 Oct 20:38:46] DUP_PRO | dbaccb33 | DUP_PRO_Package_Runner::init() | File lock acquired 
[11 Oct 20:38:46] DUP_PRO | dbaccb33 | DUP_PRO_Package_Runner::init() | File lock released 
[12 Oct 13:52:05] DUP_PRO | 31a23cbf | DUP_PRO_Package_Runner::init() | File lock acquired 
[12 Oct 13:52:06] DUP_PRO | 31a23cbf | DUP_PRO_System_Checker::check() | Doing system checker check because time = 1507816326 and last timestamp = 1507699599 
[12 Oct 13:52:06] DUP_PRO | 31a23cbf | DUP_PRO_Package_Runner::init() | File lock released 
[12 Oct 13:52:10] DUP_PRO | 527db2cb | DUP_PRO_Package_Runner::init() | File lock acquired 
[12 Oct 13:52:10] DUP_PRO | 527db2cb | DUP_PRO_Package_Runner::init() | File lock released 
[12 Oct 13:52:12] DUP_PRO | 97d5370b | DUP_PRO_Package_Runner::init() | File lock acquired 
[12 Oct 13:52:12] DUP_PRO | 97d5370b | DUP_PRO_Package_Runner::init() | File lock released 
[14 Oct 17:38:46] DUP_PRO | 4b406e15 | DUP_PRO_Package_Runner::init() | File lock acquired 
[14 Oct 17:38:46] DUP_PRO | 4b406e15 | DUP_PRO_System_Checker::check() | Doing system checker check because time = 1508002726 and last timestamp = 1507816326 
[14 Oct 17:38:46] DUP_PRO | 4b406e15 | DUP_PRO_Package_Runner::init() | File lock released 
[14 Oct 17:38:50] DUP_PRO | 51e0ca5f | DUP_PRO_Package_Runner::init() | File lock acquired 
[14 Oct 17:38:50] DUP_PRO | 51e0ca5f | DUP_PRO_Package_Runner::init() | File lock released 
[14 Oct 17:49:57] DUP_PRO | cbdbaab5 | DUP_PRO_Package_Runner::init() | File lock acquired 
[14 Oct 17:49:57] DUP_PRO | cbdbaab5 | DUP_PRO_Package_Runner::init() | File lock released 
[14 Oct 17:49:58] DUP_PRO | f1d1cbc5 | DUP_PRO_Package_Runner::init() | File lock acquired 
[14 Oct 17:49:58] DUP_PRO | f1d1cbc5 | DUP_PRO_Package_Runner::init() | File lock released 
[14 Oct 17:50:51] DUP_PRO | 9e82e3db | DUP_PRO_Package_Runner::init() | File lock acquired 
[14 Oct 17:50:51] DUP_PRO | 9e82e3db | DUP_PRO_Package_Runner::init() | File lock released 
[14 Oct 17:50:52] DUP_PRO | 18169175 | DUP_PRO_Package_Runner::init() | File lock acquired 
[14 Oct 17:50:52] DUP_PRO | 18169175 | DUP_PRO_Package_Runner::init() | File lock released 
[14 Oct 17:50:53] DUP_PRO | 18169175 | DUP_PRO_License_Utility::get_license_status() | Uncaching license because current time = 1508003453 and expiration time = 1507928388 
[14 Oct 17:50:53] DUP_PRO | 18169175 | DUP_PRO_License_Utility::get_license_status() | retrieving live license status 
[14 Oct 17:50:53] DUP_PRO | 18169175 | DUP_PRO_U::log_object() | license data returned<br\> 
[14 Oct 17:50:53] DUP_PRO | 18169175 | DUP_PRO_U::log_object() | stdClass Object
(
    [success] => 1
    [license] => valid
    [item_name] => Duplicator+Pro
    [checksum] => d9984987af57a7ad55198307a622a439
    [expires] => 2018-01-12 23:59:59
    [payment_id] => 13782
    [customer_name] => Matthew Binkowski
    [customer_email] => mattb@m3de.com
    [license_limit] => 500
    [site_count] => 37
    [activations_left] => 463
    [price_id] => 3
)
 
[14 Oct 17:50:53] DUP_PRO | 18169175 | DUP_PRO_License_Utility::get_license_status() | Set cached value from with expiration 604800 seconds from now (1508608253) 
[14 Oct 17:50:57] DUP_PRO | 8d5c5b51 | DUP_PRO_Package_Runner::init() | File lock acquired 
[14 Oct 17:50:57] DUP_PRO | 8d5c5b51 | DUP_PRO_Package_Runner::init() | File lock released 
[14 Oct 17:50:57] DUP_PRO | a1b8a5f3 | DUP_PRO_Package_Runner::init() | File lock acquired 
[14 Oct 17:50:57] DUP_PRO | a1b8a5f3 | DUP_PRO_Package_Runner::init() | File lock released 
[14 Oct 17:51:57] DUP_PRO | 4ed72c34 | DUP_PRO_Package_Runner::init() | File lock acquired 
[14 Oct 17:51:57] DUP_PRO | 4ed72c34 | DUP_PRO_Package_Runner::init() | File lock released 
[14 Oct 17:52:57] DUP_PRO | 1ddb709a | DUP_PRO_Package_Runner::init() | File lock acquired 
[14 Oct 17:52:57] DUP_PRO | 1ddb709a | DUP_PRO_Package_Runner::init() | File lock released 
[14 Oct 17:53:59] DUP_PRO | 77fe0bee | DUP_PRO_Package_Runner::init() | File lock acquired 
[14 Oct 17:53:59] DUP_PRO | 77fe0bee | DUP_PRO_Package_Runner::init() | File lock released 
[14 Oct 17:54:59] DUP_PRO | 3612e32d | DUP_PRO_Package_Runner::init() | File lock acquired 
[14 Oct 17:54:59] DUP_PRO | 3612e32d | DUP_PRO_Package_Runner::init() | File lock released 
[14 Oct 17:57:00] DUP_PRO | 4f9974e9 | DUP_PRO_Package_Runner::init() | File lock acquired 
[14 Oct 17:57:00] DUP_PRO | 4f9974e9 | DUP_PRO_Package_Runner::init() | File lock released 
[14 Oct 17:59:02] DUP_PRO | 7d40d1d5 | DUP_PRO_Package_Runner::init() | File lock acquired 
[14 Oct 17:59:02] DUP_PRO | 7d40d1d5 | DUP_PRO_Package_Runner::init() | File lock released 
[14 Oct 18:01:02] DUP_PRO | cc163354 | DUP_PRO_Package_Runner::init() | File lock acquired 
[14 Oct 18:01:02] DUP_PRO | cc163354 | DUP_PRO_Package_Runner::init() | File lock released 
[14 Oct 18:02:42] DUP_PRO | 66964897 | DUP_PRO_Package_Runner::init() | File lock acquired 
[14 Oct 18:02:42] DUP_PRO | 66964897 | DUP_PRO_Package_Runner::init() | File lock released 
[14 Oct 18:03:42] DUP_PRO | a8ddc730 | DUP_PRO_Package_Runner::init() | File lock acquired 
[14 Oct 18:03:42] DUP_PRO | a8ddc730 | DUP_PRO_Package_Runner::init() | File lock released 
[14 Oct 18:05:43] DUP_PRO | a6a285de | DUP_PRO_Package_Runner::init() | File lock acquired 
[14 Oct 18:05:43] DUP_PRO | a6a285de | DUP_PRO_Package_Runner::init() | File lock released 
